23 [140544554952576] INFO perfrun.launcher <> - Launcher main begin
28 [140544554952576] INFO perfrun.launcher <> - MessageCatalogInit finished
28 [140544554952576] INFO perfrun.launcher <> - Launcher instance created
28 [140544554952576] INFO perfrun.launcher <> - argc = 7; cmdline = /opt/intel/oneapi/vtune/2023.2.0/bin64/amplxe-runss --ui-output-format xml --ui-output-fd 5 --option-file /home/pp23/pp23s48/Finalproj-Parallel_sift/profile_8t.apollo32/config/runss.options 
104 [140544554952576] INFO perfrun.launcher <> - create msngr2::ICliToolContext
104 [140544554952576] INFO perfrun.launcher <> - create file finder object
104 [140544554952576] INFO perfrun.launcher <> - create a result directory: pattern = /home/pp23/pp23s48/Finalproj-Parallel_sift/profile_8t.apollo32 pid = 4294967295
141 [140544554952576] INFO perfrun.sdk <> - checked that the directory /home/pp23/pp23s48/Finalproj-Parallel_sift/profile_8t.apollo32 is a local directory
141 [140544554952576] INFO perfrun.sdk <> - the directory /home/pp23/pp23s48/Finalproj-Parallel_sift/profile_8t.apollo32 is located on a share or its FS ID is unknown 26985
141 [140544554952576] INFO perfrun.sdk <> - checked that the directory /tmp/amplxe-tmp-pp23s48 is a local directory
141 [140544554952576] INFO perfrun.sdk <> - the directory /tmp/amplxe-tmp-pp23s48 is a local directory with FS type ID 16914836
141 [140544554952576] INFO perfrun.launcher <> - Create a local result directory /tmp/amplxe-tmp-pp23s48/amplxe-res-1062625-3117092200429206 due to the user result path /home/pp23/pp23s48/Finalproj-Parallel_sift/profile_8t.apollo32 is located on a share
141 [140544554952576] INFO perfrun.launcher <> - create data directory = /tmp/amplxe-tmp-pp23s48/amplxe-res-1062625-3117092200429206/data.0
142 [140544554952576] INFO perfrun.launcher <> - create data directory = /home/pp23/pp23s48/Finalproj-Parallel_sift/profile_8t.apollo32/data.0
143 [140544554952576] INFO perfrun.launcher <> - Creating the master collection flag
144 [140544554952576] INFO perfrun.launcher <> - Done creating the master collection flag
147 [140544405661376] INFO perfrun.launcher <> - plugin [remoteplug] was disabled because it doesn't support the given collection type.
147 [140544405661376] INFO perfrun.sdk <> - Allocating TMU :/tmp/amplxe-tmp-pp23s48/amplxe-res-1062625-3117092200429206/data.0/systemcollector-1062625-apollo32.sc
147 [140544405661376] INFO perfrun.system <> - Tpss based collection
147 [140544405661376] INFO perfrun.launcher <> - plugin [ptracecollector] was disabled because it doesn't support the given collection type.
147 [140544405661376] INFO perfrun.launcher <> - plugin [gpu] was disabled because it doesn't support the given collection type.
147 [140544405661376] INFO perfrun.launcher <> - plugin [] was disabled because it doesn't support the given collection type.
147 [140544405661376] INFO perfrun.launcher <> - plugin [] was disabled because it doesn't support the given collection type.
147 [140544405661376] INFO perfrun.launcher <> - plugin [] was disabled because it doesn't support the given collection type.
147 [140544405661376] INFO perfrun.mrte <> - system-wide mode is 0
148 [140544405661376] INFO perfrun.mrte <> - Getting  mrte profiling environment ...
189 [140544405661376] INFO perfrun.mrte <> - INTEL_MRTE_DATA_DIR=/tmp/amplxe-tmp-pp23s48/amplxe-res-1062625-3117092200429206/data.0
189 [140544405661376] INFO perfrun.mrte <> - INTEL_MRTE_HOST_NAME=apollo32
189 [140544405661376] INFO perfrun.mrte <> - JAVA_TOOL_OPTIONS=-agentlib:amplxe_tpssmrte_javaprof_1.0 -Dsun.boot.library.path=/opt/intel/oneapi/vtune/2023.2.0/lib32/runtime:/opt/intel/oneapi/vtune/2023.2.0/lib64/runtime
189 [140544405661376] INFO perfrun.mrte <> - LD_LIBRARY_PATH=/opt/intel/oneapi/vtune/2023.2.0/lib32/runtime:/opt/intel/oneapi/vtune/2023.2.0/lib64/runtime:/opt/openmpi/lib:/opt/ucx/lib
189 [140544405661376] INFO perfrun.mrte <> - CORECLR_ENABLE_PROFILING=1
190 [140544405661376] INFO perfrun.mrte <> - CORECLR_PROFILER={AA5E4821-E3B1-479c-B7FF-5AD047D22CED}
190 [140544405661376] INFO perfrun.mrte <> - CORECLR_PROFILER_PATH=/opt/intel/oneapi/vtune/2023.2.0/lib64/libamplxe_samplingmrte_clrprof_1.0.so
190 [140544405661376] INFO perfrun.mrte <> - INTEL_MRTE_PROFILER_MODE=mixed
190 [140544405661376] INFO perfrun.mrte <> - Data directory: /tmp/amplxe-tmp-pp23s48/amplxe-res-1062625-3117092200429206/data.0
190 [140544405661376] INFO perfrun.mrte <> - Mrte plugin is initialized
190 [140544405661376] INFO perfrun.launcher <> - plugin [emon] was disabled because it doesn't support the given collection type.
190 [140544405661376] INFO perfrun.launcher <> - plugin [cuscol] was disabled because it doesn't support the given collection type.
190 [140544405661376] INFO perfrun.launcher <> - plugin [stdsrc] was disabled because it doesn't support the given collection type.
190 [140544405661376] INFO perfrun.launcher <> - plugin [sep] was disabled because it doesn't support the given collection type.
190 [140544405661376] INFO perfrun.launcher <> - plugin [vtsspp] was disabled because it doesn't support the given collection type.
190 [140544405661376] INFO perfrun.launcher <> - plugin [perf] was disabled because it doesn't support the given collection type.
190 [140544405661376] INFO perfrun.launcher <> - plugin [aoclprofile] was disabled because it doesn't support the given collection type.
190 [140544405661376] INFO perfrun.tpss <> - initialize tpss controller
190 [140544405661376] INFO perfrun.tpss <> - configure collection mode: value = cpu:counters:nostack
190 [140544405661376] INFO perfrun.tpss <> - configure collection mode: value = cpu:stack
190 [140544405661376] INFO perfrun.tpss <> - configure collection mode: value = threading:stack
190 [140544405661376] INFO perfrun.tpss <> - configure collection mode: value = waiting:stack
190 [140544405661376] INFO perfrun.tpss <> - configure collection mode: value = io:stack
190 [140544405661376] INFO perfrun.tpss <> - default obj-size-min=1024
190 [140544405661376] INFO perfrun.tpss <> - default hash-table-size=0
190 [140544405661376] INFO perfrun.launcher <> - plugin [media] was disabled because it doesn't support the given collection type.
190 [140544405661376] INFO perfrun.launcher <> - plugin [] was disabled because it doesn't support the given collection type.
190 [140544405661376] INFO perfrun.launcher <> - plugin [] was disabled because it doesn't support the given collection type.
190 [140544405661376] INFO perfrun.launcher <> - plugin [parallelfs] was disabled because it doesn't support the given collection type.
190 [140544405661376] INFO perfrun.launcher <> - plugin [power] was disabled because it doesn't support the given collection type.
190 [140544405661376] INFO perfrun.launcher <> - plugin [hwloc] was disabled because it doesn't support the given collection type.
190 [140544405661376] INFO perfrun.launcher <> - plugin [ipmwatch] was disabled because it doesn't support the given collection type.
190 [140544405661376] INFO perfrun.launcher <> - plugin [os_counters] was disabled because it doesn't support the given collection type.
190 [140544405661376] INFO perfrun.launcher <> - plugin [l0_metrics] was disabled because it doesn't support the given collection type.
190 [140544554952576] INFO perfrun.launcher <> - set environment variable: LD_LIBRARY_PATH = /opt/intel/oneapi/vtune/2023.2.0/lib32/runtime:/opt/intel/oneapi/vtune/2023.2.0/lib64/runtime:/opt/openmpi/lib:/opt/ucx/lib
190 [140544554952576] INFO perfrun.launcher <> - set environment variable: INTEL_LIBITTNOTIFY32 = /opt/intel/oneapi/vtune/2023.2.0/lib32/runtime/libittnotify_collector.so
190 [140544554952576] INFO perfrun.launcher <> - set environment variable: INTEL_LIBITTNOTIFY64 = /opt/intel/oneapi/vtune/2023.2.0/lib64/runtime/libittnotify_collector.so
191 [140544554952576] INFO perfrun.launcher <> - set environment variable: INTEL_ITTNOTIFY_GROUPS = 
191 [140544554952576] INFO perfrun.launcher <> - set environment variable: INTEL_JIT_PROFILER32 = /opt/intel/oneapi/vtune/2023.2.0/lib32/runtime/libittnotify_collector.so
191 [140544554952576] INFO perfrun.launcher <> - set environment variable: INTEL_JIT_PROFILER64 = /opt/intel/oneapi/vtune/2023.2.0/lib64/runtime/libittnotify_collector.so
191 [140544554952576] INFO perfrun.launcher <> - set environment variable: OMP_TOOL_LIBRARIES = /opt/intel/oneapi/vtune/2023.2.0/lib32/runtime/libittnotify_collector.so:/opt/intel/oneapi/vtune/2023.2.0/lib64/runtime/libittnotify_collector.so
191 [140544554952576] INFO perfrun.launcher <> - set environment variable: ENABLE_JITPROFILING = 1
191 [140544554952576] INFO perfrun.launcher <> - set environment variable: CL_CONFIG_USE_VTUNE = True
191 [140544554952576] INFO perfrun.launcher <> - set environment variable: LD_PRELOAD = libittnotify_collector.so:
191 [140544554952576] INFO perfrun.launcher <> - set environment variable: INTEL_MRTE_DATA_DIR = /tmp/amplxe-tmp-pp23s48/amplxe-res-1062625-3117092200429206/data.0
191 [140544554952576] INFO perfrun.launcher <> - set environment variable: INTEL_MRTE_HOST_NAME = apollo32
191 [140544554952576] INFO perfrun.launcher <> - set environment variable: JAVA_TOOL_OPTIONS = -agentlib:amplxe_tpssmrte_javaprof_1.0 -Dsun.boot.library.path=/opt/intel/oneapi/vtune/2023.2.0/lib32/runtime:/opt/intel/oneapi/vtune/2023.2.0/lib64/runtime
191 [140544554952576] INFO perfrun.launcher <> - set environment variable: LD_LIBRARY_PATH = /opt/intel/oneapi/vtune/2023.2.0/lib32/runtime:/opt/intel/oneapi/vtune/2023.2.0/lib64/runtime:/opt/openmpi/lib:/opt/ucx/lib
191 [140544554952576] INFO perfrun.launcher <> - set environment variable: CORECLR_ENABLE_PROFILING = 1
191 [140544554952576] INFO perfrun.launcher <> - set environment variable: CORECLR_PROFILER = {AA5E4821-E3B1-479c-B7FF-5AD047D22CED}
191 [140544554952576] INFO perfrun.launcher <> - set environment variable: CORECLR_PROFILER_PATH = /opt/intel/oneapi/vtune/2023.2.0/lib64/libamplxe_samplingmrte_clrprof_1.0.so
191 [140544554952576] INFO perfrun.launcher <> - set environment variable: INTEL_MRTE_PROFILER_MODE = mixed
191 [140544554952576] INFO perfrun.launcher <> - RpcServer: run RPC server to handle requests
193 [140544554952576] INFO perfrun.launcher <> - Launcher: command line to start before modification = bin/match_features_omp imgs/original/Balloons_farshad-rezvanian.jpg imgs/features/Balloon.jpg test.jpg
193 [140544554952576] INFO perfrun.launcher <> - Launcher: command line to start after modification = /opt/intel/oneapi/vtune/2023.2.0/bin64/pin -error_file /tmp/amplxe-tmp-pp23s48/amplxe-res-1062625-3117092200429206/data.0/pinerr.tpsslog -detach_reattach -follow_execv -tool_load_option deepbind -t64 /opt/intel/oneapi/vtune/2023.2.0/lib64/libtpsstool.so -t /opt/intel/oneapi/vtune/2023.2.0/lib32/libtpsstool.so -server_name tpss_ipc.1062625 -prd_dir /opt/intel/oneapi/vtune/2023.2.0 -- bin/match_features_omp imgs/original/Balloons_farshad-rezvanian.jpg imgs/features/Balloon.jpg test.jpg
193 [140544554952576] INFO perfrun.launcher <> - ProcessCreator object was created
194 [140544554952576] INFO perfrun.launcher <> - Launcher: the process was started in suspend mode
197 [140544405661376] WARN perfrun.system <> - Could not do anything with /sys/kernel/debug/kvm: boost::filesystem::status: Permission denied: "/sys/kernel/debug/kvm", at file: vcs/perfrun1/plugins/system/src/trace_writer.cpp:787
197 [140544405661376] WARN perfrun.system <> - Folder "/var/run/libvirt/qemu/"doesn't exist, at file: vcs/perfrun1/plugins/system/src/trace_writer.cpp:800
200 [140544405661376] WARN perfrun.sdk <> - Failed to find xl binary on any of the system paths: /bin, /sbin, /usr/bin, /usr/sbin., at file: vcs/perfrun1/sdk/src/utils.cpp:204
200 [140544405661376] WARN perfrun.system <> - Could not start ContainerMapping collector, at file: vcs/perfrun1/plugins/system/src/controller.cpp:448
205 [140544405661376] INFO perfrun.vdso <> - Helper runtool '/opt/intel/oneapi/vtune/2023.2.0/bin32/amplxe-runss -dump-vdso -r /tmp/amplxe-tmp-pp23s48/amplxe-res-1062625-3117092200429206 --tmp-dir /tmp/amplxe-tmp-pp23s48' returned 1
320 [140544405661376] INFO perfrun.vdso <> - Helper runtool '/opt/intel/oneapi/vtune/2023.2.0/bin64/amplxe-runss -dump-vdso -r /tmp/amplxe-tmp-pp23s48/amplxe-res-1062625-3117092200429206 --tmp-dir /tmp/amplxe-tmp-pp23s48' returned 0
320 [140544405661376] INFO perfrun.itt <> - start itt controller for pid #1062630
320 [140544405661376] INFO perfrun.tpss <> - start tpss controller for pid #1062630
371 [140544554952576] INFO perfrun.launcher <> - Launcher: all plugins were started
371 [140544554952576] INFO perfrun.launcher <> - DirectoryMonitor object was created
371 [140544554952576] INFO perfrun.launcher <> - DirectoryMonitor: a callback was added
371 [140544554952576] INFO perfrun.launcher <> - DirectoryMonitor was started with pingTime = 1000
371 [140544554952576] INFO perfrun.launcher <> - DeadlineTimer is going to be constructed
371 [140544554952576] INFO perfrun.launcher <> - DeadlineTimer: a callback was added
376 [140544554952576] INFO perfrun.launcher <> - Launcher: resume the profiled application and  wait its termination or stop command
43522 [140544554952576] INFO perfrun.launcher <> - Launcher: the profiled application was terminated  with exit code = 0
43530 [140544405661376] INFO perfrun.itt <> - detach itt controller
43530 [140544405661376] INFO perfrun.itt <> - detach itt controller done
43530 [140544405661376] INFO perfrun.tpss <> - stop tpss controller
43530 [140544405661376] INFO perfrun.sdk <> - De-allocating TMU: /tmp/amplxe-tmp-pp23s48/amplxe-res-1062625-3117092200429206/data.0/systemcollector-1062625-apollo32.sc
43530 [140544405661376] INFO perfrun.system <> - closed the system trace file: /tmp/amplxe-tmp-pp23s48/amplxe-res-1062625-3117092200429206/data.0/systemcollector-1062625-apollo32.sc
43531 [140544554952576] INFO perfrun.launcher <> - Launcher: all plugins were stopped.
43531 [140544554952576] INFO perfrun.launcher <> - DeadlineTimer is going to be destroyed
43531 [140544554952576] INFO perfrun.launcher <> - DeadlineTimer was destroyed
43531 [140544554952576] INFO perfrun.launcher <> - DirectoryMonitor object was destroyed
43531 [140544554952576] WARN perfrun.launcher <> - Stop command is ignored because it is received when collection is already stopped, at file: vcs/perfrun1/launcher/src/command_handler.cpp:226
43559 [140544554952576] INFO perfrun.launcher <> - Application exit code: 0
43559 [140544554952576] INFO perfrun.launcher <> - Exit code: 0
