20 [139995078555968] INFO perfrun.launcher <> - Launcher main begin
25 [139995078555968] INFO perfrun.launcher <> - MessageCatalogInit finished
25 [139995078555968] INFO perfrun.launcher <> - Launcher instance created
25 [139995078555968] INFO perfrun.launcher <> - argc = 6; cmdline = /opt/intel/oneapi/vtune/2023.2.0/bin64/amplxe-runss -dump-vdso -r /tmp/amplxe-tmp-pp23s48/amplxe-res-1062284-3106305450980176 --tmp-dir /tmp/amplxe-tmp-pp23s48 
89 [139995078555968] INFO perfrun.launcher <> - create msngr2::ICliToolContext
90 [139995078555968] INFO perfrun.launcher <> - create file finder object
92 [139994924574400] INFO perfrun.launcher <> - plugin [remoteplug] was disabled because it doesn't support the given collection type.
92 [139994924574400] INFO perfrun.launcher <> - plugin [system] was disabled because it doesn't support the given collection type.
92 [139994924574400] INFO perfrun.vdso <> - dumping [vdso] pseudomodule
93 [139994924574400] INFO perfrun.launcher <> - plugin [itt] was disabled because it doesn't support the given collection type.
93 [139994924574400] INFO perfrun.launcher <> - plugin [ptracecollector] was disabled because it doesn't support the given collection type.
93 [139994924574400] INFO perfrun.launcher <> - plugin [gpu] was disabled because it doesn't support the given collection type.
93 [139994924574400] INFO perfrun.launcher <> - plugin [] was disabled because it doesn't support the given collection type.
93 [139994924574400] INFO perfrun.launcher <> - plugin [] was disabled because it doesn't support the given collection type.
93 [139994924574400] INFO perfrun.launcher <> - plugin [] was disabled because it doesn't support the given collection type.
93 [139994924574400] INFO perfrun.launcher <> - plugin [mrte] was disabled because it doesn't support the given collection type.
93 [139994924574400] INFO perfrun.launcher <> - plugin [emon] was disabled because it doesn't support the given collection type.
93 [139994924574400] INFO perfrun.launcher <> - plugin [cuscol] was disabled because it doesn't support the given collection type.
93 [139994924574400] INFO perfrun.launcher <> - plugin [stdsrc] was disabled because it doesn't support the given collection type.
93 [139994924574400] INFO perfrun.launcher <> - plugin [sep] was disabled because it doesn't support the given collection type.
93 [139994924574400] INFO perfrun.launcher <> - plugin [vtsspp] was disabled because it doesn't support the given collection type.
93 [139994924574400] INFO perfrun.launcher <> - plugin [perf] was disabled because it doesn't support the given collection type.
93 [139994924574400] INFO perfrun.launcher <> - plugin [aoclprofile] was disabled because it doesn't support the given collection type.
93 [139994924574400] INFO perfrun.launcher <> - plugin [tpss] was disabled because it doesn't support the given collection type.
93 [139994924574400] INFO perfrun.launcher <> - plugin [media] was disabled because it doesn't support the given collection type.
93 [139994924574400] INFO perfrun.launcher <> - plugin [] was disabled because it doesn't support the given collection type.
93 [139994924574400] INFO perfrun.launcher <> - plugin [] was disabled because it doesn't support the given collection type.
93 [139994924574400] INFO perfrun.launcher <> - plugin [parallelfs] was disabled because it doesn't support the given collection type.
93 [139994924574400] INFO perfrun.launcher <> - plugin [power] was disabled because it doesn't support the given collection type.
93 [139994924574400] INFO perfrun.launcher <> - plugin [hwloc] was disabled because it doesn't support the given collection type.
93 [139994924574400] INFO perfrun.launcher <> - plugin [ipmwatch] was disabled because it doesn't support the given collection type.
93 [139994924574400] INFO perfrun.launcher <> - plugin [os_counters] was disabled because it doesn't support the given collection type.
93 [139994924574400] INFO perfrun.launcher <> - plugin [l0_metrics] was disabled because it doesn't support the given collection type.
93 [139995078555968] INFO perfrun.launcher <> - Application exit code: 0
93 [139995078555968] INFO perfrun.launcher <> - Exit code: 0
