15 [140430822897984] INFO perfrun.launcher <> - Launcher main begin
20 [140430822897984] INFO perfrun.launcher <> - MessageCatalogInit finished
20 [140430822897984] INFO perfrun.launcher <> - Launcher instance created
20 [140430822897984] INFO perfrun.launcher <> - argc = 6; cmdline = /opt/intel/oneapi/vtune/2023.2.0/bin64/amplxe-runss -dump-vdso -r /tmp/amplxe-tmp-pp23s48/amplxe-res-1062392-3107649745801078 --tmp-dir /tmp/amplxe-tmp-pp23s48 
76 [140430822897984] INFO perfrun.launcher <> - create msngr2::ICliToolContext
76 [140430822897984] INFO perfrun.launcher <> - create file finder object
77 [140430668719808] INFO perfrun.launcher <> - plugin [remoteplug] was disabled because it doesn't support the given collection type.
77 [140430668719808] INFO perfrun.launcher <> - plugin [system] was disabled because it doesn't support the given collection type.
77 [140430668719808] INFO perfrun.vdso <> - dumping [vdso] pseudomodule
78 [140430668719808] INFO perfrun.launcher <> - plugin [itt] was disabled because it doesn't support the given collection type.
78 [140430668719808] INFO perfrun.launcher <> - plugin [ptracecollector] was disabled because it doesn't support the given collection type.
78 [140430668719808] INFO perfrun.launcher <> - plugin [gpu] was disabled because it doesn't support the given collection type.
78 [140430668719808] INFO perfrun.launcher <> - plugin [] was disabled because it doesn't support the given collection type.
78 [140430668719808] INFO perfrun.launcher <> - plugin [] was disabled because it doesn't support the given collection type.
78 [140430668719808] INFO perfrun.launcher <> - plugin [] was disabled because it doesn't support the given collection type.
78 [140430668719808] INFO perfrun.launcher <> - plugin [mrte] was disabled because it doesn't support the given collection type.
78 [140430668719808] INFO perfrun.launcher <> - plugin [emon] was disabled because it doesn't support the given collection type.
78 [140430668719808] INFO perfrun.launcher <> - plugin [cuscol] was disabled because it doesn't support the given collection type.
78 [140430668719808] INFO perfrun.launcher <> - plugin [stdsrc] was disabled because it doesn't support the given collection type.
78 [140430668719808] INFO perfrun.launcher <> - plugin [sep] was disabled because it doesn't support the given collection type.
78 [140430668719808] INFO perfrun.launcher <> - plugin [vtsspp] was disabled because it doesn't support the given collection type.
78 [140430668719808] INFO perfrun.launcher <> - plugin [perf] was disabled because it doesn't support the given collection type.
78 [140430668719808] INFO perfrun.launcher <> - plugin [aoclprofile] was disabled because it doesn't support the given collection type.
78 [140430668719808] INFO perfrun.launcher <> - plugin [tpss] was disabled because it doesn't support the given collection type.
78 [140430668719808] INFO perfrun.launcher <> - plugin [media] was disabled because it doesn't support the given collection type.
78 [140430668719808] INFO perfrun.launcher <> - plugin [] was disabled because it doesn't support the given collection type.
78 [140430668719808] INFO perfrun.launcher <> - plugin [] was disabled because it doesn't support the given collection type.
78 [140430668719808] INFO perfrun.launcher <> - plugin [parallelfs] was disabled because it doesn't support the given collection type.
78 [140430668719808] INFO perfrun.launcher <> - plugin [power] was disabled because it doesn't support the given collection type.
78 [140430668719808] INFO perfrun.launcher <> - plugin [hwloc] was disabled because it doesn't support the given collection type.
78 [140430668719808] INFO perfrun.launcher <> - plugin [ipmwatch] was disabled because it doesn't support the given collection type.
78 [140430668719808] INFO perfrun.launcher <> - plugin [os_counters] was disabled because it doesn't support the given collection type.
78 [140430668719808] INFO perfrun.launcher <> - plugin [l0_metrics] was disabled because it doesn't support the given collection type.
78 [140430822897984] INFO perfrun.launcher <> - Application exit code: 0
78 [140430822897984] INFO perfrun.launcher <> - Exit code: 0
